  main.cpp
C:\Users\awilk\Desktop\Studia\sem 4\Projekty C++\sem4 - ważna część\Projekt 3. - macierz\Project3\Project3\main.cpp(58): warning C4018: "<": niezgodność typu ze znakiem/bez znaku
C:\Users\awilk\Desktop\Studia\sem 4\Projekty C++\sem4 - ważna część\Projekt 3. - macierz\Project3\Project3\main.cpp(78): warning C4018: "<": niezgodność typu ze znakiem/bez znaku
C:\Users\awilk\Desktop\Studia\sem 4\Projekty C++\sem4 - ważna część\Projekt 3. - macierz\Project3\Project3\Solver.h(54): warning C4244: "argument": konwersja z "double" do "typ_danych", możliwa utrata danych
          with
          [
              typ_danych=float
          ]
  C:\Users\awilk\Desktop\Studia\sem 4\Projekty C++\sem4 - ważna część\Projekt 3. - macierz\Project3\Project3\Solver.h(41): note: podczas kompilowania funkcji składowej „<Nieznany>” klasy klasa <Nieznany>
  C:\Users\awilk\Desktop\Studia\sem 4\Projekty C++\sem4 - ważna część\Projekt 3. - macierz\Project3\Project3\main.cpp(172): note: zobacz odwołanie do funkcji szablon; wystąpienie „void Solver<typ_danych>::rozwiaz(void)” jest kompilowane
          with
          [
              typ_danych=float
          ]
  C:\Users\awilk\Desktop\Studia\sem 4\Projekty C++\sem4 - ważna część\Projekt 3. - macierz\Project3\Project3\main.cpp(171): note: zobacz odwołanie do klasy klasa szablon; wystąpienie „Solver<typ_danych>” jest kompilowane
          with
          [
              typ_danych=float
          ]
  C:\Users\awilk\Desktop\Studia\sem 4\Projekty C++\sem4 - ważna część\Projekt 3. - macierz\Project3\Project3\main.cpp(35): note: zobacz odwołanie do funkcji szablon; wystąpienie „void odczyt_z_pliku<float>(std::ifstream &)” jest kompilowane
C:\Users\awilk\Desktop\Studia\sem 4\Projekty C++\sem4 - ważna część\Projekt 3. - macierz\Project3\Project3\Solver.h(57): warning C4101: "kod": lokalna zmienna, do której nie istnieje odwołanie
C:\Users\awilk\Desktop\Studia\sem 4\Projekty C++\sem4 - ważna część\Projekt 3. - macierz\Project3\Project3\Solver.h(54): warning C4244: "argument": konwersja z "double" do "typ_danych", możliwa utrata danych
          with
          [
              typ_danych=int
          ]
  C:\Users\awilk\Desktop\Studia\sem 4\Projekty C++\sem4 - ważna część\Projekt 3. - macierz\Project3\Project3\Solver.h(41): note: podczas kompilowania funkcji składowej „<Nieznany>” klasy klasa <Nieznany>
  C:\Users\awilk\Desktop\Studia\sem 4\Projekty C++\sem4 - ważna część\Projekt 3. - macierz\Project3\Project3\main.cpp(172): note: zobacz odwołanie do funkcji szablon; wystąpienie „void Solver<typ_danych>::rozwiaz(void)” jest kompilowane
          with
          [
              typ_danych=int
          ]
  C:\Users\awilk\Desktop\Studia\sem 4\Projekty C++\sem4 - ważna część\Projekt 3. - macierz\Project3\Project3\main.cpp(171): note: zobacz odwołanie do klasy klasa szablon; wystąpienie „Solver<typ_danych>” jest kompilowane
          with
          [
              typ_danych=int
          ]
  C:\Users\awilk\Desktop\Studia\sem 4\Projekty C++\sem4 - ważna część\Projekt 3. - macierz\Project3\Project3\main.cpp(43): note: zobacz odwołanie do funkcji szablon; wystąpienie „void odczyt_z_pliku<int>(std::ifstream &)” jest kompilowane
C:\Users\awilk\Desktop\Studia\sem 4\Projekty C++\sem4 - ważna część\Projekt 3. - macierz\Project3\Project3\Solver.h(27): warning C4244: "*=": konwersja z "double" do "typ_danych", możliwa utrata danych
          with
          [
              typ_danych=float
          ]
  C:\Users\awilk\Desktop\Studia\sem 4\Projekty C++\sem4 - ważna część\Projekt 3. - macierz\Project3\Project3\Solver.h(25): note: podczas kompilowania funkcji składowej „<Nieznany>” klasy klasa <Nieznany>
  C:\Users\awilk\Desktop\Studia\sem 4\Projekty C++\sem4 - ważna część\Projekt 3. - macierz\Project3\Project3\Solver.h(49): note: zobacz odwołanie do funkcji szablon; wystąpienie „void Solver<typ_danych>::skalujWiersz(int,double)” jest kompilowane
          with
          [
              typ_danych=float
          ]
  C:\Users\awilk\Desktop\Studia\sem 4\Projekty C++\sem4 - ważna część\Projekt 3. - macierz\Project3\Project3\Solver.h(41): note: podczas kompilowania funkcji składowej „<Nieznany>” klasy klasa <Nieznany>
  C:\Users\awilk\Desktop\Studia\sem 4\Projekty C++\sem4 - ważna część\Projekt 3. - macierz\Project3\Project3\main.cpp(172): note: zobacz odwołanie do funkcji szablon; wystąpienie „void Solver<typ_danych>::rozwiaz(void)” jest kompilowane
          with
          [
              typ_danych=float
          ]
C:\Users\awilk\Desktop\Studia\sem 4\Projekty C++\sem4 - ważna część\Projekt 3. - macierz\Project3\Project3\Solver.h(27): warning C4244: "*=": konwersja z "double" do "typ_danych", możliwa utrata danych
          with
          [
              typ_danych=int
          ]
  C:\Users\awilk\Desktop\Studia\sem 4\Projekty C++\sem4 - ważna część\Projekt 3. - macierz\Project3\Project3\Solver.h(25): note: podczas kompilowania funkcji składowej „<Nieznany>” klasy klasa <Nieznany>
  C:\Users\awilk\Desktop\Studia\sem 4\Projekty C++\sem4 - ważna część\Projekt 3. - macierz\Project3\Project3\Solver.h(49): note: zobacz odwołanie do funkcji szablon; wystąpienie „void Solver<typ_danych>::skalujWiersz(int,double)” jest kompilowane
          with
          [
              typ_danych=int
          ]
  C:\Users\awilk\Desktop\Studia\sem 4\Projekty C++\sem4 - ważna część\Projekt 3. - macierz\Project3\Project3\Solver.h(41): note: podczas kompilowania funkcji składowej „<Nieznany>” klasy klasa <Nieznany>
  C:\Users\awilk\Desktop\Studia\sem 4\Projekty C++\sem4 - ważna część\Projekt 3. - macierz\Project3\Project3\main.cpp(172): note: zobacz odwołanie do funkcji szablon; wystąpienie „void Solver<typ_danych>::rozwiaz(void)” jest kompilowane
          with
          [
              typ_danych=int
          ]
C:\Users\awilk\Desktop\Studia\sem 4\Projekty C++\sem4 - ważna część\Projekt 3. - macierz\Project3\Project3\main.cpp(243): warning C4715: "obsluga_pliku”: niewszystkie ścieżki kodu zwracają wartość
  Project3.vcxproj -> C:\Users\awilk\Desktop\Studia\sem 4\Projekty C++\sem4 - ważna część\Projekt 3. - macierz\Project3\Debug\Project3.exe
